1582284988857	mozrunner::runner	INFO	Running command: "C:\\Program Files (x86)\\Mozilla Firefox\\firefox.exe" "-marionette" "-headless" "-foreground" "-no-remote" "-profile" "C:\\Users\\hp\\AppData\\Local\\Temp\\rust_mozprofileOaLQOI"
*** You are running in headless mode.
1582284993306	addons.webextension.screenshots@mozilla.org	WARN	Loading extension 'screenshots@mozilla.org': Reading manifest: Invalid extension permission: mozillaAddons
1582284993306	addons.webextension.screenshots@mozilla.org	WARN	Loading extension 'screenshots@mozilla.org': Reading manifest: Invalid extension permission: telemetry
1582284993306	addons.webextension.screenshots@mozilla.org	WARN	Loading extension 'screenshots@mozilla.org': Reading manifest: Invalid extension permission: resource://pdf.js/
1582284993306	addons.webextension.screenshots@mozilla.org	WARN	Loading extension 'screenshots@mozilla.org': Reading manifest: Invalid extension permission: about:reader*
JavaScript error: undefined, line 14: Error: An unexpected error occurred
JavaScript error: moz-extension://9dd5a993-ade2-4313-aaaa-bee6bbf45afc/lib/picture_in_picture_overrides.js, line 15: Error: Incorrect argument types for pictureInPictureParent.setOverrides.
JavaScript error: resource:///modules/sessionstore/SessionStore.jsm, line 1325: uncaught exception: 2147746065
1582284997926	Marionette	INFO	Listening on port 64779
1582284998237	Marionette	WARN	TLS certificate errors will be ignored for this session
JavaScript warning: https://www.finam.ru/js/common_old.js?7, line 1557: unreachable code after return statement
JavaScript warning: https://www.finam.ru/js/common_old.js?7, line 1590: unreachable code after return statement
JavaScript warning: https://www.finam.ru/js/common_old.js?7, line 1601: unreachable code after return statement
JavaScript warning: https://www.finam.ru/js/common_old.js?7, line 1722: unreachable code after return statement
[Parent 10336, Gecko_IOThread] WARNING: pipe error: 109: file z:/task_1581023849/build/src/ipc/chromium/src/chrome/common/ipc_channel_win.cc, line 341
JavaScript warning: https://www.finam.ru/js/common_old.js?7, line 1557: unreachable code after return statement
JavaScript warning: https://www.finam.ru/js/common_old.js?7, line 1590: unreachable code after return statement
JavaScript warning: https://www.finam.ru/js/common_old.js?7, line 1601: unreachable code after return statement
JavaScript warning: https://www.finam.ru/js/common_old.js?7, line 1722: unreachable code after return statement
JavaScript warning: https://www.finam.ru/js/common_old.js?7, line 1557: unreachable code after return statement
JavaScript warning: https://www.finam.ru/js/common_old.js?7, line 1590: unreachable code after return statement
JavaScript warning: https://www.finam.ru/js/common_old.js?7, line 1601: unreachable code after return statement
JavaScript warning: https://www.finam.ru/js/common_old.js?7, line 1722: unreachable code after return statement
JavaScript warning: https://www.finam.ru/js/common_old.js?7, line 1557: unreachable code after return statement
JavaScript warning: https://www.finam.ru/js/common_old.js?7, line 1590: unreachable code after return statement
JavaScript warning: https://www.finam.ru/js/common_old.js?7, line 1601: unreachable code after return statement
JavaScript warning: https://www.finam.ru/js/common_old.js?7, line 1722: unreachable code after return statement
